<?xml version="1.0" encoding="UTF-8"?>
<Site BuildName="(empty)"
	BuildStamp="20240130-0420-Experimental"
	Name="jetson-orin"
	Generator="ctest-3.22.1"
	CompilerName="/usr/lib/ccache/aarch64-linux-gnu-g++"
	CompilerVersion="11.4.0"
	OSName="Linux"
	Hostname="jetson-orin"
	OSRelease="5.10.104-tegra"
	OSVersion="#1 SMP PREEMPT Tue Jan 24 15:09:44 PST 2023"
	OSPlatform="aarch64"
	Is64Bits="1"
	VendorString=""
	VendorID="Unknown Manufacturer"
	FamilyID="8"
	ModelID="0"
	ProcessorCacheSize="0"
	NumberOfLogicalCPU="12"
	NumberOfPhysicalCPU="1"
	TotalVirtualMemory="15294"
	TotalPhysicalMemory="30588"
	LogicalProcessorsPerPhysical="12"
	ProcessorClockFrequency="0"
	>
	<Testing>
		<StartDateTime>Jan 30 18:12 UTC</StartDateTime>
		<StartTestTime>1706638377</StartTestTime>
		<TestList/>
		<EndDateTime>Jan 30 18:12 UTC</EndDateTime>
		<EndTestTime>1706638377</EndTestTime>
		<ElapsedMinutes>0</ElapsedMinutes>
	</Testing>
</Site>
